pi@raspberrypi:~ $ sudo su
root@raspberrypi:/home/pi# cd /etc/chirpstack-gateway-bridge/
root@raspberrypi:/etc/chirpstack-gateway-bridge# chirpstack-gateway-bridge
INFO[0000] starting ChirpStack Gateway Bridge            docs="https://www.chirpstack.io/gateway-bridge/" version=3.13.3INFO[0000] backend/semtechudp: starting gatewayudp listener  addr="0.0.0.0:1700"
INFO[0000] integration/mqtt: connected to mqtt broker
WARN[0000] [store]    memorystore wiped                  module=mqtt
INFO[0039] integration/mqtt: subscribing to topic        qos=0 topic="gateway/7276ff000b031874/command/#"
INFO[0039] integration/mqtt: publishing state            gateway_id=7276ff000b031874 qos=0 state=conn topic=gateway/7276ff000b031874/state/conn
INFO[0040] integration/mqtt: publishing event            event=up qos=0 topic=gateway/7276ff000b031874/event/up uplink_id=e26d8596-4c47-4762-9e50-0553c40f92c3
INFO[0050] integration/mqtt: publishing event            event=up qos=0 topic=gateway/7276ff000b031874/event/up uplink_id=629b98a9-2117-4e60-89be-fffbcde918d9
INFO[0060] integration/mqtt: publishing event            event=up qos=0 topic=gateway/7276ff000b031874/event/up uplink_id=c344536f-f531-43d9-b72d-09e30e065579
INFO[0069] integration/mqtt: publishing event            event=stats qos=0 stats_id=0b70f302-cd19-4fa1-89d6-d07364cd2aa6 topic=gateway/7276ff000b031874/event/stats
INFO[0070] integration/mqtt: publishing event            event=up qos=0 topic=gateway/7276ff000b031874/event/up uplink_id=e35819a6-0ac5-413a-acda-8dbfde88e7a4
INFO[0080] integration/mqtt: publishing event            event=up qos=0 topic=gateway/7276ff000b031874/event/up uplink_id=f871cf43-e0e5-47b5-98ef-8a17a75b6696
INFO[0090] integration/mqtt: publishing event            event=up qos=0 topic=gateway/7276ff000b031874/event/up uplink_id=fba572e7-633b-476e-a375-c5becd373b0a
INFO[0099] integration/mqtt: publishing event            event=stats qos=0 stats_id=5e72da1d-3b5c-4fea-be82-6a745b965e04 topic=gateway/7276ff000b031874/event/stats
INFO[0100] integration/mqtt: publishing event            event=up qos=0 topic=gateway/7276ff000b031874/event/up uplink_id=0114508f-9644-463f-b257-ec01bf308622
INFO[0110] integration/mqtt: publishing event            event=up qos=0 topic=gateway/7276ff000b031874/event/up uplink_id=d8399b1d-035d-4d5a-a720-ff3a77325634
INFO[0121] integration/mqtt: publishing event            event=up qos=0 topic=gateway/7276ff000b031874/event/up uplink_id=53b403a7-e89a-45c6-900b-a2490228adcb
INFO[0129] integration/mqtt: publishing event            event=stats qos=0 stats_id=db262642-a007-405b-99f0-dd278be94af4 topic=gateway/7276ff000b031874/event/stats
INFO[0131] integration/mqtt: publishing event            event=up qos=0 topic=gateway/7276ff000b031874/event/up uplink_id=fbaf4b58-4158-41ac-8520-ef665c570d5c
INFO[0141] integration/mqtt: publishing event            event=up qos=0 topic=gateway/7276ff000b031874/event/up uplink_id=fa67df25-b9a4-484f-84cf-713938df673c
INFO[0151] integration/mqtt: publishing event            event=up qos=0 topic=gateway/7276ff000b031874/event/up uplink_id=90789f03-9063-447e-883c-c01ae196f09c
INFO[0159] integration/mqtt: publishing event            event=stats qos=0 stats_id=0fe988db-6818-4024-8aee-20032301112e topic=gateway/7276ff000b031874/event/stats
INFO[0161] integration/mqtt: publishing event            event=up qos=0 topic=gateway/7276ff000b031874/event/up uplink_id=8bef40e6-6ad1-402e-9cf7-02bfc61d962e
INFO[0171] integration/mqtt: publishing event            event=up qos=0 topic=gateway/7276ff000b031874/event/up uplink_id=435781f5-291c-4709-867a-68fb3eb0f05d
INFO[0181] integration/mqtt: publishing event            event=up qos=0 topic=gateway/7276ff000b031874/event/up uplink_id=4b0a64d7-1fd8-45d1-8bc7-70bafe9f4095
INFO[0189] integration/mqtt: publishing event            event=stats qos=0 stats_id=95e5b62d-2f82-43f0-9e96-8e79ca48eedd topic=gateway/7276ff000b031874/event/stats
INFO[0191] integration/mqtt: publishing event            event=up qos=0 topic=gateway/7276ff000b031874/event/up uplink_id=5213bf8e-9abd-4876-b422-90608ebb169b
INFO[0201] integration/mqtt: publishing event            event=up qos=0 topic=gateway/7276ff000b031874/event/up uplink_id=3b44c43a-9a0e-41cd-82d1-d6b94978f33e
INFO[0211] integration/mqtt: publishing event            event=up qos=0 topic=gateway/7276ff000b031874/event/up uplink_id=ab44124e-ef0f-4e6c-83dc-d5b95fc6ebaa
INFO[0219] integration/mqtt: publishing event            event=stats qos=0 stats_id=548291a2-e9b0-412e-9b55-0206924c48a4 topic=gateway/7276ff000b031874/event/stats
INFO[0221] integration/mqtt: publishing event            event=up qos=0 topic=gateway/7276ff000b031874/event/up uplink_id=a22d0612-8fa8-4803-894f-c131741eb232
INFO[0231] integration/mqtt: publishing event            event=up qos=0 topic=gateway/7276ff000b031874/event/up uplink_id=92363c75-902d-4c8d-8280-f33e7b589796
INFO[0241] integration/mqtt: publishing event            event=up qos=0 topic=gateway/7276ff000b031874/event/up uplink_id=657a3454-2de5-4dce-a899-7f493d6993a7
INFO[0249] integration/mqtt: publishing event            event=stats qos=0 stats_id=82c075f4-c713-4ec2-ac86-e96a0a71a842 topic=gateway/7276ff000b031874/event/stats
INFO[0251] integration/mqtt: publishing event            event=up qos=0 topic=gateway/7276ff000b031874/event/up uplink_id=786f5d15-931e-44ab-ba9d-17d75857b7a8
INFO[0261] integration/mqtt: publishing event            event=up qos=0 topic=gateway/7276ff000b031874/event/up uplink_id=be4840df-4d6e-4c06-996f-287b8c76adaf
INFO[0271] integration/mqtt: publishing event            event=up qos=0 topic=gateway/7276ff000b031874/event/up uplink_id=4a72e2c6-9f27-40a9-8486-55bf2e6b455a
INFO[0279] integration/mqtt: publishing event            event=stats qos=0 stats_id=76dd24d2-84f2-4ada-bcfb-4fb98818f41e topic=gateway/7276ff000b031874/event/stats
INFO[0281] integration/mqtt: publishing event            event=up qos=0 topic=gateway/7276ff000b031874/event/up uplink_id=226ab088-cc7e-4509-9334-094e875eb13a
INFO[0291] integration/mqtt: publishing event            event=up qos=0 topic=gateway/7276ff000b031874/event/up uplink_id=13a9a482-4e46-4578-acc3-f03c8cac7618
INFO[0301] integration/mqtt: publishing event            event=up qos=0 topic=gateway/7276ff000b031874/event/up uplink_id=3ab9cd70-3a9a-4df9-98ec-8e5662033658
INFO[0309] integration/mqtt: publishing event            event=stats qos=0 stats_id=e384486e-9df6-417f-bf05-ea5361106b5f topic=gateway/7276ff000b031874/event/stats
INFO[0311] integration/mqtt: publishing event            event=up qos=0 topic=gateway/7276ff000b031874/event/up uplink_id=d8f9f565-81a5-470d-8671-81118bf04ebe
INFO[0322] integration/mqtt: publishing event            event=up qos=0 topic=gateway/7276ff000b031874/event/up uplink_id=a965780b-756c-491d-821b-fc5c0395cf72
INFO[0332] integration/mqtt: publishing event            event=up qos=0 topic=gateway/7276ff000b031874/event/up uplink_id=ddc716fa-0bcf-427e-bb39-161af08a2b6b
INFO[0339] integration/mqtt: publishing event            event=stats qos=0 stats_id=d495402a-b4d2-47e2-aa87-8a6f3869a7a7 topic=gateway/7276ff000b031874/event/stats
INFO[0342] integration/mqtt: publishing event            event=up qos=0 topic=gateway/7276ff000b031874/event/up uplink_id=8aabb2e2-144b-41a3-8276-a85ff75ba087
^CINFO[0344] signal received                               signal=interrupt
WARN[0344] shutting down server
INFO[0344] integration/mqtt: publishing state            gateway_id=7276ff000b031874 qos=0 state=conn topic=gateway/7276ff000b031874/state/conn
ERRO[0344] [client]   Connect comms goroutine - error triggered EOF  module=mqtt
root@raspberrypi:/etc/chirpstack-gateway-bridge#
